{"failedCount":1,"prefixedPath":"classpath:com\/spotify\/endtoendtest\/endtoend.feature","packageQualifiedName":"com.spotify.endtoendtest.endtoend","loopIndex":-1,"relativePath":"com\/spotify\/endtoendtest\/endtoend.feature","scenarioResults":[{"sectionIndex":0,"stepResults":[{"result":{"nanos":23608300,"millis":23.6083,"status":"passed"},"step":{"background":true,"line":3,"prefix":"*","index":0,"text":"configure driver = {type:'chromedriver' , executable:'src\/test\/resources\/chromedriver.exe'}"},"stepLog":"11:12:11.809 karate.env system property was: null \n"},{"result":{"nanos":3977800,"millis":3.9778,"status":"passed"},"step":{"background":true,"line":4,"prefix":"*","index":1,"text":"call read 'classpath:com\/spotify\/variables.json'"}},{"result":{"nanos":574100,"millis":0.5741,"status":"passed"},"step":{"background":true,"line":5,"prefix":"*","index":2,"text":"url 'https:\/\/api.spotify.com\/v1'"}},{"result":{"nanos":832400,"millis":0.8324,"status":"passed"},"step":{"background":true,"line":6,"prefix":"*","index":3,"text":"configure headers = {Content-Type: 'application\/json', Authorization: #(authID)}"}},{"result":{"nanos":7939500,"millis":7.9395,"status":"passed"},"step":{"endLine":14,"background":true,"line":7,"prefix":"And","docString":"function(element,length) {\n    for(var i = 0; i < length ; i++){\n    element[i].click();\n    }\n}","index":4,"text":"def clickFunction ="}},{"result":{"nanos":6086300,"millis":6.0863,"status":"passed"},"step":{"endLine":28,"background":true,"line":16,"prefix":"And","docString":"function(length,y) {\n    var data = \"\";\n    for(var i = 0; i< length ; i++){\n        if(i>0){\n          data += \",\";\n        }\n      data += y.items[i].track.id ;\n    }\n    return data;\n}","index":5,"text":"def getUris ="}},{"result":{"nanos":3876936100,"millis":3876.9361,"status":"passed"},"step":{"comments":["#Login"],"line":33,"prefix":"Given","index":0,"text":"driver 'https:\/\/open.spotify.com\/'"}},{"result":{"nanos":9152125400,"errorMessage":"class java.util.LinkedHashMap cannot be cast to class java.lang.String (java.util.LinkedHashMap and java.lang.String are in module java.base of loader 'bootstrap')\nclasspath:com\/spotify\/login.feature:4\nclasspath:com\/spotify\/endtoendtest\/endtoend.feature:34","millis":9152.1254,"status":"failed"},"step":{"line":34,"prefix":"*","index":1,"text":"def login = callonce read('classpath:com\/spotify\/login.feature')"},"stepLog":"11:12:24.906 classpath:com\/spotify\/endtoendtest\/endtoend.feature:34\n* def login = callonce read('classpath:com\/spotify\/login.feature')\nclass java.util.LinkedHashMap cannot be cast to class java.lang.String (java.util.LinkedHashMap and java.lang.String are in module java.base of loader 'bootstrap')\nclasspath:com\/spotify\/login.feature:4\nclasspath:com\/spotify\/endtoendtest\/endtoend.feature:34\n","callResults":[{"failedCount":1,"prefixedPath":"classpath:com\/spotify\/login.feature","packageQualifiedName":"com.spotify.login","loopIndex":-1,"relativePath":"com\/spotify\/login.feature","scenarioResults":[{"sectionIndex":0,"stepResults":[{"result":{"nanos":15761900,"millis":15.7619,"status":"passed"},"step":{"comments":["# Login to account(UI)"],"line":6,"prefix":"*","index":0,"text":"maximize()"},"stepLog":"11:12:15.778 >> lock acquired, begin callonce: read('classpath:com\/spotify\/login.feature')\n"},{"result":{"nanos":9062946300,"errorMessage":"js failed:\n>>>>\n01: waitFor(login.loginButton).click()\n<<<<\norg.graalvm.polyglot.PolyglotException: waitUntil (js): failed after 3 retries and 9032 milliseconds\n- com.intuit.karate.driver.DriverOptions.retry(DriverOptions.java:517)\n- com.intuit.karate.driver.WebDriver.waitUntil(WebDriver.java:433)\n- com.intuit.karate.driver.DriverOptions.waitForAny(DriverOptions.java:700)\n- com.intuit.karate.driver.Driver.waitFor(Driver.java:236)\n- <js>.:anonymous(Unnamed:1)\n\nclasspath:com\/spotify\/login.feature:7","millis":9062.9463,"status":"failed"},"step":{"line":7,"prefix":"When","index":1,"text":"waitFor(login.loginButton).click()"},"stepLog":"11:12:15.858 waitUntil (js) - retry #1\n11:12:18.863 waitUntil (js) - retry #2\n11:12:21.883 waitUntil (js) - retry #3\n11:12:24.887 waitUntil (js): failed after 3 retries and 9032 milliseconds\n11:12:24.906 classpath:com\/spotify\/login.feature:7\nWhen waitFor(login.loginButton).click()\njs failed:\n>>>>\n01: waitFor(login.loginButton).click()\n<<<<\norg.graalvm.polyglot.PolyglotException: waitUntil (js): failed after 3 retries and 9032 milliseconds\n- com.intuit.karate.driver.DriverOptions.retry(DriverOptions.java:517)\n- com.intuit.karate.driver.WebDriver.waitUntil(WebDriver.java:433)\n- com.intuit.karate.driver.DriverOptions.waitForAny(DriverOptions.java:700)\n- com.intuit.karate.driver.Driver.waitFor(Driver.java:236)\n- <js>.:anonymous(Unnamed:1)\n\nclasspath:com\/spotify\/login.feature:7\n"},{"result":{"nanos":0,"errorMessage":"class java.util.LinkedHashMap cannot be cast to class java.lang.String (java.util.LinkedHashMap and java.lang.String are in module java.base of loader 'bootstrap')\nclasspath:com\/spotify\/login.feature:4","millis":0.0,"status":"failed"},"step":{"endLine":0,"line":4,"prefix":"*","index":-1,"text":"scenario [run] failed"},"stepLog":"class java.util.LinkedHashMap cannot be cast to class java.lang.String (java.util.LinkedHashMap and java.lang.String are in module java.base of loader 'bootstrap')\njava.lang.ClassCastException: class java.util.LinkedHashMap cannot be cast to class java.lang.String (java.util.LinkedHashMap and java.lang.String are in module java.base of loader 'bootstrap')\r\n\tat com.intuit.karate.driver.WebDriver.screenshot(WebDriver.java:511)\r\n\tat com.intuit.karate.driver.WebDriver.screenshot(WebDriver.java:504)\r\n\tat com.intuit.karate.driver.Driver.onFailure(Driver.java:491)\r\n\tat com.intuit.karate.core.ScenarioRuntime.execute(ScenarioRuntime.java:500)\r\n\tat com.intuit.karate.core.ScenarioRuntime.run(ScenarioRuntime.java:402)\r\n\tat com.intuit.karate.core.FeatureRuntime.processScenario(FeatureRuntime.java:181)\r\n\tat java.base\/java.util.stream.ReferencePipeline$2$1.accept(ReferencePipeline.java:179)\r\n\tat com.intuit.karate.core.ScenarioIterator.tryAdvance(ScenarioIterator.java:156)\r\n\tat java.base\/java.util.Spliterator.forEachRemaining(Spliterator.java:332)\r\n\tat java.base\/java.util.stream.AbstractPipeline.copyInto(AbstractPipeline.java:509)\r\n\tat java.base\/java.util.stream.AbstractPipeline.wrapAndCopyInto(AbstractPipeline.java:499)\r\n\tat java.base\/java.util.stream.StreamSpliterators$WrappingSpliterator.forEachRemaining(StreamSpliterators.java:310)\r\n\tat java.base\/java.util.Spliterators$1Adapter.forEachRemaining(Spliterators.java:706)\r\n\tat com.intuit.karate.core.FeatureRuntime.run(FeatureRuntime.java:164)\r\n\tat com.intuit.karate.core.ScenarioEngine.callFeature(ScenarioEngine.java:2007)\r\n\tat com.intuit.karate.core.ScenarioEngine.call(ScenarioEngine.java:1909)\r\n\tat com.intuit.karate.core.ScenarioEngine.callOnce(ScenarioEngine.java:1986)\r\n\tat com.intuit.karate.core.ScenarioEngine.call(ScenarioEngine.java:1924)\r\n\tat com.intuit.karate.core.ScenarioEngine.evalKarateExpression(ScenarioEngine.java:2145)\r\n\tat com.intuit.karate.core.ScenarioEngine.evalKarateExpression(ScenarioEngine.java:2124)\r\n\tat com.intuit.karate.core.ScenarioEngine.evalAndCastTo(ScenarioEngine.java:1316)\r\n\tat com.intuit.karate.core.ScenarioEngine.assign(ScenarioEngine.java:1349)\r\n\tat com.intuit.karate.ScenarioActions.def(ScenarioActions.java:188)\r\n\tat java.base\/jdk.internal.reflect.DirectMethodHandleAccessor.invoke(DirectMethodHandleAccessor.java:104)\r\n\tat java.base\/java.lang.reflect.Method.invoke(Method.java:577)\r\n\tat com.intuit.karate.core.StepRuntime.execute(StepRuntime.java:280)\r\n\tat com.intuit.karate.core.ScenarioRuntime.execute(ScenarioRuntime.java:459)\r\n\tat com.intuit.karate.core.ScenarioRuntime.run(ScenarioRuntime.java:402)\r\n\tat com.intuit.karate.junit5.FeatureNode.lambda$next$1(FeatureNode.java:70)\r\n\tat org.junit.jupiter.engine.descriptor.DynamicTestTestDescriptor.lambda$execute$0(DynamicTestTestDescriptor.java:52)\r\n\tat org.junit.jupiter.engine.execution.InvocationInterceptorChain$ValidatingInvocation.proceed(InvocationInterceptorChain.java:131)\r\n\tat org.junit.jupiter.api.extension.InvocationInterceptor.interceptDynamicTest(InvocationInterceptor.java:161)\r\n\tat org.junit.jupiter.engine.descriptor.DynamicTestTestDescriptor.lambda$execute$1(DynamicTestTestDescriptor.java:58)\r\n\tat org.junit.jupiter.engine.execution.InvocationInterceptorChain$InterceptorCall.lambda$ofVoid$0(InvocationInterceptorChain.java:78)\r\n\tat org.junit.jupiter.engine.execution.InvocationInterceptorChain$InterceptedInvocation.proceed(InvocationInterceptorChain.java:106)\r\n\tat org.junit.jupiter.engine.execution.InvocationInterceptorChain.proceed(InvocationInterceptorChain.java:64)\r\n\tat org.junit.jupiter.engine.execution.InvocationInterceptorChain.chainAndInvoke(InvocationInterceptorChain.java:45)\r\n\tat org.junit.jupiter.engine.execution.InvocationInterceptorChain.invoke(InvocationInterceptorChain.java:37)\r\n\tat org.junit.jupiter.engine.descriptor.DynamicTestTestDescriptor.execute(DynamicTestTestDescriptor.java:57)\r\n\tat org.junit.jupiter.engine.descriptor.DynamicTestTestDescriptor.execute(DynamicTestTestDescriptor.java:31)\r\n\tat org.junit.platform.engine.support.hierarchical.NodeTestTask.lambda$executeRecursively$5(NodeTestTask.java:139)\r\n\tat org.junit.platform.engine.support.hierarchical.ThrowableCollector.execute(ThrowableCollector.java:73)\r\n\tat org.junit.platform.engine.support.hierarchical.NodeTestTask.lambda$executeRecursively$7(NodeTestTask.java:129)\r\n\tat org.junit.platform.engine.support.hierarchical.Node.around(Node.java:137)\r\n\tat org.junit.platform.engine.support.hierarchical.NodeTestTask.lambda$executeRecursively$8(NodeTestTask.java:127)\r\n\tat org.junit.platform.engine.support.hierarchical.ThrowableCollector.execute(ThrowableCollector.java:73)\r\n\tat org.junit.platform.engine.support.hierarchical.NodeTestTask.executeRecursively(NodeTestTask.java:126)\r\n\tat org.junit.platform.engine.support.hierarchical.NodeTestTask.execute(NodeTestTask.java:84)\r\n\tat org.junit.platform.engine.support.hierarchical.SameThreadHierarchicalTestExecutorService.submit(SameThreadHierarchicalTestExecutorService.java:32)\r\n\tat org.junit.platform.engine.support.hierarchical.NodeTestTask$DefaultDynamicTestExecutor.execute(NodeTestTask.java:212)\r\n\tat org.junit.platform.engine.support.hierarchical.NodeTestTask$DefaultDynamicTestExecutor.execute(NodeTestTask.java:192)\r\n\tat java.base\/java.util.stream.ForEachOps$ForEachOp$OfRef.accept(ForEachOps.java:183)\r\n\tat java.base\/java.util.stream.ReferencePipeline$3$1.accept(ReferencePipeline.java:197)\r\n\tat java.base\/java.util.stream.ReferencePipeline$2$1.accept(ReferencePipeline.java:179)\r\n\tat java.base\/java.util.stream.ReferencePipeline$3$1.accept(ReferencePipeline.java:197)\r\n\tat java.base\/java.util.stream.ReferencePipeline$15$1.accept(ReferencePipeline.java:541)\r\n\tat java.base\/java.util.Iterator.forEachRemaining(Iterator.java:133)\r\n\tat java.base\/java.util.Spliterators$IteratorSpliterator.forEachRemaining(Spliterators.java:1845)\r\n\tat java.base\/java.util.stream.AbstractPipeline.copyInto(AbstractPipeline.java:509)\r\n\tat java.base\/java.util.stream.AbstractPipeline.wrapAndCopyInto(AbstractPipeline.java:499)\r\n\tat java.base\/java.util.stream.ForEachOps$ForEachOp.evaluateSequential(ForEachOps.java:150)\r\n\tat java.base\/java.util.stream.ForEachOps$ForEachOp$OfRef.evaluateSequential(ForEachOps.java:173)\r\n\tat java.base\/java.util.stream.AbstractPipeline.evaluate(AbstractPipeline.java:234)\r\n\tat java.base\/java.util.stream.ReferencePipeline.forEachOrdered(ReferencePipeline.java:601)\r\n\tat org.junit.jupiter.engine.descriptor.DynamicContainerTestDescriptor.execute(DynamicContainerTestDescriptor.java:65)\r\n\tat org.junit.jupiter.engine.descriptor.DynamicContainerTestDescriptor.execute(DynamicContainerTestDescriptor.java:33)\r\n\tat org.junit.platform.engine.support.hierarchical.NodeTestTask.lambda$executeRecursively$5(NodeTestTask.java:139)\r\n\tat org.junit.platform.engine.support.hierarchical.ThrowableCollector.execute(ThrowableCollector.java:73)\r\n\tat org.junit.platform.engine.support.hierarchical.NodeTestTask.lambda$executeRecursively$7(NodeTestTask.java:129)\r\n\tat org.junit.platform.engine.support.hierarchical.Node.around(Node.java:137)\r\n\tat org.junit.platform.engine.support.hierarchical.NodeTestTask.lambda$executeRecursively$8(NodeTestTask.java:127)\r\n\tat org.junit.platform.engine.support.hierarchical.ThrowableCollector.execute(ThrowableCollector.java:73)\r\n\tat org.junit.platform.engine.support.hierarchical.NodeTestTask.executeRecursively(NodeTestTask.java:126)\r\n\tat org.junit.platform.engine.support.hierarchical.NodeTestTask.execute(NodeTestTask.java:84)\r\n\tat org.junit.platform.engine.support.hierarchical.SameThreadHierarchicalTestExecutorService.submit(SameThreadHierarchicalTestExecutorService.java:32)\r\n\tat org.junit.platform.engine.support.hierarchical.NodeTestTask$DefaultDynamicTestExecutor.execute(NodeTestTask.java:212)\r\n\tat org.junit.platform.engine.support.hierarchical.NodeTestTask$DefaultDynamicTestExecutor.execute(NodeTestTask.java:192)\r\n\tat java.base\/java.util.Optional.ifPresent(Optional.java:178)\r\n\tat org.junit.jupiter.engine.descriptor.TestFactoryTestDescriptor.lambda$invokeTestMethod$1(TestFactoryTestDescriptor.java:106)\r\n\tat org.junit.platform.engine.support.hierarchical.ThrowableCollector.execute(ThrowableCollector.java:73)\r\n\tat org.junit.jupiter.engine.descriptor.TestFactoryTestDescriptor.invokeTestMethod(TestFactoryTestDescriptor.java:93)\r\n\tat org.junit.jupiter.engine.descriptor.TestMethodTestDescriptor.execute(TestMethodTestDescriptor.java:131)\r\n\tat org.junit.jupiter.engine.descriptor.TestMethodTestDescriptor.execute(TestMethodTestDescriptor.java:65)\r\n\tat org.junit.platform.engine.support.hierarchical.NodeTestTask.lambda$executeRecursively$5(NodeTestTask.java:139)\r\n\tat org.junit.platform.engine.support.hierarchical.ThrowableCollector.execute(ThrowableCollector.java:73)\r\n\tat org.junit.platform.engine.support.hierarchical.NodeTestTask.lambda$executeRecursively$7(NodeTestTask.java:129)\r\n\tat org.junit.platform.engine.support.hierarchical.Node.around(Node.java:137)\r\n\tat org.junit.platform.engine.support.hierarchical.NodeTestTask.lambda$executeRecursively$8(NodeTestTask.java:127)\r\n\tat org.junit.platform.engine.support.hierarchical.ThrowableCollector.execute(ThrowableCollector.java:73)\r\n\tat org.junit.platform.engine.support.hierarchical.NodeTestTask.executeRecursively(NodeTestTask.java:126)\r\n\tat org.junit.platform.engine.support.hierarchical.NodeTestTask.execute(NodeTestTask.java:84)\r\n\tat java.base\/java.util.ArrayList.forEach(ArrayList.java:1511)\r\n\tat org.junit.platform.engine.support.hierarchical.SameThreadHierarchicalTestExecutorService.invokeAll(SameThreadHierarchicalTestExecutorService.java:38)\r\n\tat org.junit.platform.engine.support.hierarchical.NodeTestTask.lambda$executeRecursively$5(NodeTestTask.java:143)\r\n\tat org.junit.platform.engine.support.hierarchical.ThrowableCollector.execute(ThrowableCollector.java:73)\r\n\tat org.junit.platform.engine.support.hierarchical.NodeTestTask.lambda$executeRecursively$7(NodeTestTask.java:129)\r\n\tat org.junit.platform.engine.support.hierarchical.Node.around(Node.java:137)\r\n\tat org.junit.platform.engine.support.hierarchical.NodeTestTask.lambda$executeRecursively$8(NodeTestTask.java:127)\r\n\tat org.junit.platform.engine.support.hierarchical.ThrowableCollector.execute(ThrowableCollector.java:73)\r\n\tat org.junit.platform.engine.support.hierarchical.NodeTestTask.executeRecursively(NodeTestTask.java:126)\r\n\tat org.junit.platform.engine.support.hierarchical.NodeTestTask.execute(NodeTestTask.java:84)\r\n\tat java.base\/java.util.ArrayList.forEach(ArrayList.java:1511)\r\n\tat org.junit.platform.engine.support.hierarchical.SameThreadHierarchicalTestExecutorService.invokeAll(SameThreadHierarchicalTestExecutorService.java:38)\r\n\tat org.junit.platform.engine.support.hierarchical.NodeTestTask.lambda$executeRecursively$5(NodeTestTask.java:143)\r\n\tat org.junit.platform.engine.support.hierarchical.ThrowableCollector.execute(ThrowableCollector.java:73)\r\n\tat org.junit.platform.engine.support.hierarchical.NodeTestTask.lambda$executeRecursively$7(NodeTestTask.java:129)\r\n\tat org.junit.platform.engine.support.hierarchical.Node.around(Node.java:137)\r\n\tat org.junit.platform.engine.support.hierarchical.NodeTestTask.lambda$executeRecursively$8(NodeTestTask.java:127)\r\n\tat org.junit.platform.engine.support.hierarchical.ThrowableCollector.execute(ThrowableCollector.java:73)\r\n\tat org.junit.platform.engine.support.hierarchical.NodeTestTask.executeRecursively(NodeTestTask.java:126)\r\n\tat org.junit.platform.engine.support.hierarchical.NodeTestTask.execute(NodeTestTask.java:84)\r\n\tat org.junit.platform.engine.support.hierarchical.SameThreadHierarchicalTestExecutorService.submit(SameThreadHierarchicalTestExecutorService.java:32)\r\n\tat org.junit.platform.engine.support.hierarchical.HierarchicalTestExecutor.execute(HierarchicalTestExecutor.java:57)\r\n\tat org.junit.platform.engine.support.hierarchical.HierarchicalTestEngine.execute(HierarchicalTestEngine.java:51)\r\n\tat org.junit.platform.launcher.core.EngineExecutionOrchestrator.execute(EngineExecutionOrchestrator.java:108)\r\n\tat org.junit.platform.launcher.core.EngineExecutionOrchestrator.execute(EngineExecutionOrchestrator.java:88)\r\n\tat org.junit.platform.launcher.core.EngineExecutionOrchestrator.lambda$execute$0(EngineExecutionOrchestrator.java:54)\r\n\tat org.junit.platform.launcher.core.EngineExecutionOrchestrator.withInterceptedStreams(EngineExecutionOrchestrator.java:67)\r\n\tat org.junit.platform.launcher.core.EngineExecutionOrchestrator.execute(EngineExecutionOrchestrator.java:52)\r\n\tat org.junit.platform.launcher.core.DefaultLauncher.execute(DefaultLauncher.java:96)\r\n\tat org.junit.platform.launcher.core.DefaultLauncher.execute(DefaultLauncher.java:75)\r\n\tat com.intellij.junit5.JUnit5IdeaTestRunner.startRunnerWithArgs(JUnit5IdeaTestRunner.java:71)\r\n\tat com.intellij.rt.junit.IdeaTestRunner$Repeater$1.execute(IdeaTestRunner.java:38)\r\n\tat com.intellij.rt.execution.junit.TestsRepeater.repeat(TestsRepeater.java:11)\r\n\tat com.intellij.rt.junit.IdeaTestRunner$Repeater.startRunnerWithArgs(IdeaTestRunner.java:35)\r\n\tat com.intellij.rt.junit.JUnitStarter.prepareStreamsAndStart(JUnitStarter.java:235)\r\n\tat com.intellij.rt.junit.JUnitStarter.main(JUnitStarter.java:54)\r\n11:12:24.906 classpath:com\/spotify\/login.feature:7\nWhen waitFor(login.loginButton).click()\nscenario [run] failed\njava.lang.ClassCastException: class java.util.LinkedHashMap cannot be cast to class java.lang.String (java.util.LinkedHashMap and java.lang.String are in module java.base of loader 'bootstrap')\r\n\tat com.intuit.karate.driver.WebDriver.screenshot(WebDriver.java:511)\r\n\tat com.intuit.karate.driver.WebDriver.screenshot(WebDriver.java:504)\r\n\tat com.intuit.karate.driver.Driver.onFailure(Driver.java:491)\r\n\tat com.intuit.karate.core.ScenarioRuntime.execute(ScenarioRuntime.java:500)\r\n\tat com.intuit.karate.core.ScenarioRuntime.run(ScenarioRuntime.java:402)\r\n\tat com.intuit.karate.core.FeatureRuntime.processScenario(FeatureRuntime.java:181)\r\n\tat java.base\/java.util.stream.ReferencePipeline$2$1.accept(ReferencePipeline.java:179)\r\n\tat com.intuit.karate.core.ScenarioIterator.tryAdvance(ScenarioIterator.java:156)\r\n\tat java.base\/java.util.Spliterator.forEachRemaining(Spliterator.java:332)\r\n\tat java.base\/java.util.stream.AbstractPipeline.copyInto(AbstractPipeline.java:509)\r\n\tat java.base\/java.util.stream.AbstractPipeline.wrapAndCopyInto(AbstractPipeline.java:499)\r\n\tat java.base\/java.util.stream.StreamSpliterators$WrappingSpliterator.forEachRemaining(StreamSpliterators.java:310)\r\n\tat java.base\/java.util.Spliterators$1Adapter.forEachRemaining(Spliterators.java:706)\r\n\tat com.intuit.karate.core.FeatureRuntime.run(FeatureRuntime.java:164)\r\n\tat com.intuit.karate.core.ScenarioEngine.callFeature(ScenarioEngine.java:2007)\r\n\tat com.intuit.karate.core.ScenarioEngine.call(ScenarioEngine.java:1909)\r\n\tat com.intuit.karate.core.ScenarioEngine.callOnce(ScenarioEngine.java:1986)\r\n\tat com.intuit.karate.core.ScenarioEngine.call(ScenarioEngine.java:1924)\r\n\tat com.intuit.karate.core.ScenarioEngine.evalKarateExpression(ScenarioEngine.java:2145)\r\n\tat com.intuit.karate.core.ScenarioEngine.evalKarateExpression(ScenarioEngine.java:2124)\r\n\tat com.intuit.karate.core.ScenarioEngine.evalAndCastTo(ScenarioEngine.java:1316)\r\n\tat com.intuit.karate.core.ScenarioEngine.assign(ScenarioEngine.java:1349)\r\n\tat com.intuit.karate.ScenarioActions.def(ScenarioActions.java:188)\r\n\tat java.base\/jdk.internal.reflect.DirectMethodHandleAccessor.invoke(DirectMethodHandleAccessor.java:104)\r\n\tat java.base\/java.lang.reflect.Method.invoke(Method.java:577)\r\n\tat com.intuit.karate.core.StepRuntime.execute(StepRuntime.java:280)\r\n\tat com.intuit.karate.core.ScenarioRuntime.execute(ScenarioRuntime.java:459)\r\n\tat com.intuit.karate.core.ScenarioRuntime.run(ScenarioRuntime.java:402)\r\n\tat com.intuit.karate.junit5.FeatureNode.lambda$next$1(FeatureNode.java:70)\r\n\tat org.junit.jupiter.engine.descriptor.DynamicTestTestDescriptor.lambda$execute$0(DynamicTestTestDescriptor.java:52)\r\n\tat org.junit.jupiter.engine.execution.InvocationInterceptorChain$ValidatingInvocation.proceed(InvocationInterceptorChain.java:131)\r\n\tat org.junit.jupiter.api.extension.InvocationInterceptor.interceptDynamicTest(InvocationInterceptor.java:161)\r\n\tat org.junit.jupiter.engine.descriptor.DynamicTestTestDescriptor.lambda$execute$1(DynamicTestTestDescriptor.java:58)\r\n\tat org.junit.jupiter.engine.execution.InvocationInterceptorChain$InterceptorCall.lambda$ofVoid$0(InvocationInterceptorChain.java:78)\r\n\tat org.junit.jupiter.engine.execution.InvocationInterceptorChain$InterceptedInvocation.proceed(InvocationInterceptorChain.java:106)\r\n\tat org.junit.jupiter.engine.execution.InvocationInterceptorChain.proceed(InvocationInterceptorChain.java:64)\r\n\tat org.junit.jupiter.engine.execution.InvocationInterceptorChain.chainAndInvoke(InvocationInterceptorChain.java:45)\r\n\tat org.junit.jupiter.engine.execution.InvocationInterceptorChain.invoke(InvocationInterceptorChain.java:37)\r\n\tat org.junit.jupiter.engine.descriptor.DynamicTestTestDescriptor.execute(DynamicTestTestDescriptor.java:57)\r\n\tat org.junit.jupiter.engine.descriptor.DynamicTestTestDescriptor.execute(DynamicTestTestDescriptor.java:31)\r\n\tat org.junit.platform.engine.support.hierarchical.NodeTestTask.lambda$executeRecursively$5(NodeTestTask.java:139)\r\n\tat org.junit.platform.engine.support.hierarchical.ThrowableCollector.execute(ThrowableCollector.java:73)\r\n\tat org.junit.platform.engine.support.hierarchical.NodeTestTask.lambda$executeRecursively$7(NodeTestTask.java:129)\r\n\tat org.junit.platform.engine.support.hierarchical.Node.around(Node.java:137)\r\n\tat org.junit.platform.engine.support.hierarchical.NodeTestTask.lambda$executeRecursively$8(NodeTestTask.java:127)\r\n\tat org.junit.platform.engine.support.hierarchical.ThrowableCollector.execute(ThrowableCollector.java:73)\r\n\tat org.junit.platform.engine.support.hierarchical.NodeTestTask.executeRecursively(NodeTestTask.java:126)\r\n\tat org.junit.platform.engine.support.hierarchical.NodeTestTask.execute(NodeTestTask.java:84)\r\n\tat org.junit.platform.engine.support.hierarchical.SameThreadHierarchicalTestExecutorService.submit(SameThreadHierarchicalTestExecutorService.java:32)\r\n\tat org.junit.platform.engine.support.hierarchical.NodeTestTask$DefaultDynamicTestExecutor.execute(NodeTestTask.java:212)\r\n\tat org.junit.platform.engine.support.hierarchical.NodeTestTask$DefaultDynamicTestExecutor.execute(NodeTestTask.java:192)\r\n\tat java.base\/java.util.stream.ForEachOps$ForEachOp$OfRef.accept(ForEachOps.java:183)\r\n\tat java.base\/java.util.stream.ReferencePipeline$3$1.accept(ReferencePipeline.java:197)\r\n\tat java.base\/java.util.stream.ReferencePipeline$2$1.accept(ReferencePipeline.java:179)\r\n\tat java.base\/java.util.stream.ReferencePipeline$3$1.accept(ReferencePipeline.java:197)\r\n\tat java.base\/java.util.stream.ReferencePipeline$15$1.accept(ReferencePipeline.java:541)\r\n\tat java.base\/java.util.Iterator.forEachRemaining(Iterator.java:133)\r\n\tat java.base\/java.util.Spliterators$IteratorSpliterator.forEachRemaining(Spliterators.java:1845)\r\n\tat java.base\/java.util.stream.AbstractPipeline.copyInto(AbstractPipeline.java:509)\r\n\tat java.base\/java.util.stream.AbstractPipeline.wrapAndCopyInto(AbstractPipeline.java:499)\r\n\tat java.base\/java.util.stream.ForEachOps$ForEachOp.evaluateSequential(ForEachOps.java:150)\r\n\tat java.base\/java.util.stream.ForEachOps$ForEachOp$OfRef.evaluateSequential(ForEachOps.java:173)\r\n\tat java.base\/java.util.stream.AbstractPipeline.evaluate(AbstractPipeline.java:234)\r\n\tat java.base\/java.util.stream.ReferencePipeline.forEachOrdered(ReferencePipeline.java:601)\r\n\tat org.junit.jupiter.engine.descriptor.DynamicContainerTestDescriptor.execute(DynamicContainerTestDescriptor.java:65)\r\n\tat org.junit.jupiter.engine.descriptor.DynamicContainerTestDescriptor.execute(DynamicContainerTestDescriptor.java:33)\r\n\tat org.junit.platform.engine.support.hierarchical.NodeTestTask.lambda$executeRecursively$5(NodeTestTask.java:139)\r\n\tat org.junit.platform.engine.support.hierarchical.ThrowableCollector.execute(ThrowableCollector.java:73)\r\n\tat org.junit.platform.engine.support.hierarchical.NodeTestTask.lambda$executeRecursively$7(NodeTestTask.java:129)\r\n\tat org.junit.platform.engine.support.hierarchical.Node.around(Node.java:137)\r\n\tat org.junit.platform.engine.support.hierarchical.NodeTestTask.lambda$executeRecursively$8(NodeTestTask.java:127)\r\n\tat org.junit.platform.engine.support.hierarchical.ThrowableCollector.execute(ThrowableCollector.java:73)\r\n\tat org.junit.platform.engine.support.hierarchical.NodeTestTask.executeRecursively(NodeTestTask.java:126)\r\n\tat org.junit.platform.engine.support.hierarchical.NodeTestTask.execute(NodeTestTask.java:84)\r\n\tat org.junit.platform.engine.support.hierarchical.SameThreadHierarchicalTestExecutorService.submit(SameThreadHierarchicalTestExecutorService.java:32)\r\n\tat org.junit.platform.engine.support.hierarchical.NodeTestTask$DefaultDynamicTestExecutor.execute(NodeTestTask.java:212)\r\n\tat org.junit.platform.engine.support.hierarchical.NodeTestTask$DefaultDynamicTestExecutor.execute(NodeTestTask.java:192)\r\n\tat java.base\/java.util.Optional.ifPresent(Optional.java:178)\r\n\tat org.junit.jupiter.engine.descriptor.TestFactoryTestDescriptor.lambda$invokeTestMethod$1(TestFactoryTestDescriptor.java:106)\r\n\tat org.junit.platform.engine.support.hierarchical.ThrowableCollector.execute(ThrowableCollector.java:73)\r\n\tat org.junit.jupiter.engine.descriptor.TestFactoryTestDescriptor.invokeTestMethod(TestFactoryTestDescriptor.java:93)\r\n\tat org.junit.jupiter.engine.descriptor.TestMethodTestDescriptor.execute(TestMethodTestDescriptor.java:131)\r\n\tat org.junit.jupiter.engine.descriptor.TestMethodTestDescriptor.execute(TestMethodTestDescriptor.java:65)\r\n\tat org.junit.platform.engine.support.hierarchical.NodeTestTask.lambda$executeRecursively$5(NodeTestTask.java:139)\r\n\tat org.junit.platform.engine.support.hierarchical.ThrowableCollector.execute(ThrowableCollector.java:73)\r\n\tat org.junit.platform.engine.support.hierarchical.NodeTestTask.lambda$executeRecursively$7(NodeTestTask.java:129)\r\n\tat org.junit.platform.engine.support.hierarchical.Node.around(Node.java:137)\r\n\tat org.junit.platform.engine.support.hierarchical.NodeTestTask.lambda$executeRecursively$8(NodeTestTask.java:127)\r\n\tat org.junit.platform.engine.support.hierarchical.ThrowableCollector.execute(ThrowableCollector.java:73)\r\n\tat org.junit.platform.engine.support.hierarchical.NodeTestTask.executeRecursively(NodeTestTask.java:126)\r\n\tat org.junit.platform.engine.support.hierarchical.NodeTestTask.execute(NodeTestTask.java:84)\r\n\tat java.base\/java.util.ArrayList.forEach(ArrayList.java:1511)\r\n\tat org.junit.platform.engine.support.hierarchical.SameThreadHierarchicalTestExecutorService.invokeAll(SameThreadHierarchicalTestExecutorService.java:38)\r\n\tat org.junit.platform.engine.support.hierarchical.NodeTestTask.lambda$executeRecursively$5(NodeTestTask.java:143)\r\n\tat org.junit.platform.engine.support.hierarchical.ThrowableCollector.execute(ThrowableCollector.java:73)\r\n\tat org.junit.platform.engine.support.hierarchical.NodeTestTask.lambda$executeRecursively$7(NodeTestTask.java:129)\r\n\tat org.junit.platform.engine.support.hierarchical.Node.around(Node.java:137)\r\n\tat org.junit.platform.engine.support.hierarchical.NodeTestTask.lambda$executeRecursively$8(NodeTestTask.java:127)\r\n\tat org.junit.platform.engine.support.hierarchical.ThrowableCollector.execute(ThrowableCollector.java:73)\r\n\tat org.junit.platform.engine.support.hierarchical.NodeTestTask.executeRecursively(NodeTestTask.java:126)\r\n\tat org.junit.platform.engine.support.hierarchical.NodeTestTask.execute(NodeTestTask.java:84)\r\n\tat java.base\/java.util.ArrayList.forEach(ArrayList.java:1511)\r\n\tat org.junit.platform.engine.support.hierarchical.SameThreadHierarchicalTestExecutorService.invokeAll(SameThreadHierarchicalTestExecutorService.java:38)\r\n\tat org.junit.platform.engine.support.hierarchical.NodeTestTask.lambda$executeRecursively$5(NodeTestTask.java:143)\r\n\tat org.junit.platform.engine.support.hierarchical.ThrowableCollector.execute(ThrowableCollector.java:73)\r\n\tat org.junit.platform.engine.support.hierarchical.NodeTestTask.lambda$executeRecursively$7(NodeTestTask.java:129)\r\n\tat org.junit.platform.engine.support.hierarchical.Node.around(Node.java:137)\r\n\tat org.junit.platform.engine.support.hierarchical.NodeTestTask.lambda$executeRecursively$8(NodeTestTask.java:127)\r\n\tat org.junit.platform.engine.support.hierarchical.ThrowableCollector.execute(ThrowableCollector.java:73)\r\n\tat org.junit.platform.engine.support.hierarchical.NodeTestTask.executeRecursively(NodeTestTask.java:126)\r\n\tat org.junit.platform.engine.support.hierarchical.NodeTestTask.execute(NodeTestTask.java:84)\r\n\tat org.junit.platform.engine.support.hierarchical.SameThreadHierarchicalTestExecutorService.submit(SameThreadHierarchicalTestExecutorService.java:32)\r\n\tat org.junit.platform.engine.support.hierarchical.HierarchicalTestExecutor.execute(HierarchicalTestExecutor.java:57)\r\n\tat org.junit.platform.engine.support.hierarchical.HierarchicalTestEngine.execute(HierarchicalTestEngine.java:51)\r\n\tat org.junit.platform.launcher.core.EngineExecutionOrchestrator.execute(EngineExecutionOrchestrator.java:108)\r\n\tat org.junit.platform.launcher.core.EngineExecutionOrchestrator.execute(EngineExecutionOrchestrator.java:88)\r\n\tat org.junit.platform.launcher.core.EngineExecutionOrchestrator.lambda$execute$0(EngineExecutionOrchestrator.java:54)\r\n\tat org.junit.platform.launcher.core.EngineExecutionOrchestrator.withInterceptedStreams(EngineExecutionOrchestrator.java:67)\r\n\tat org.junit.platform.launcher.core.EngineExecutionOrchestrator.execute(EngineExecutionOrchestrator.java:52)\r\n\tat org.junit.platform.launcher.core.DefaultLauncher.execute(DefaultLauncher.java:96)\r\n\tat org.junit.platform.launcher.core.DefaultLauncher.execute(DefaultLauncher.java:75)\r\n\tat com.intellij.junit5.JUnit5IdeaTestRunner.startRunnerWithArgs(JUnit5IdeaTestRunner.java:71)\r\n\tat com.intellij.rt.junit.IdeaTestRunner$Repeater$1.execute(IdeaTestRunner.java:38)\r\n\tat com.intellij.rt.execution.junit.TestsRepeater.repeat(TestsRepeater.java:11)\r\n\tat com.intellij.rt.junit.IdeaTestRunner$Repeater.startRunnerWithArgs(IdeaTestRunner.java:35)\r\n\tat com.intellij.rt.junit.JUnitStarter.prepareStreamsAndStart(JUnitStarter.java:235)\r\n\tat com.intellij.rt.junit.JUnitStarter.main(JUnitStarter.java:54)\r\n\n"}],"line":4,"description":"","durationMillis":9078.7082,"failed":true,"error":"class java.util.LinkedHashMap cannot be cast to class java.lang.String (java.util.LinkedHashMap and java.lang.String are in module java.base of loader 'bootstrap')\nclasspath:com\/spotify\/login.feature:4","executorName":"main","name":"Login","startTime":1655971935821,"refId":"[1:4]","endTime":1655971944906,"exampleIndex":-1}],"callDepth":1,"name":"Login Spotify","description":"","resultDate":"2022-06-23 11:12:28 ÖÖ","durationMillis":9078.7082,"passedCount":0}]},{"result":{"nanos":0,"millis":0.0,"status":"skipped"},"step":{"line":35,"prefix":"Then","index":2,"text":"match waitFor(homePage.userBar).enabled == true"}},{"result":{"nanos":0,"millis":0.0,"status":"skipped"},"step":{"comments":["#Scroll to 'mood' category and click and then click 'Positive' playlist ."],"line":38,"prefix":"When","index":3,"text":"scroll(category.ruhhali)"}},{"result":{"nanos":0,"millis":0.0,"status":"skipped"},"step":{"line":39,"prefix":"And","index":4,"text":"waitFor(category.ruhhali).click()"}},{"result":{"nanos":0,"millis":0.0,"status":"skipped"},"step":{"line":40,"prefix":"And","index":5,"text":"waitFor(playList.pozitif).click()"}},{"result":{"nanos":0,"millis":0.0,"status":"skipped"},"step":{"line":41,"prefix":"*","index":6,"text":"waitFor(playList.title)"}},{"result":{"nanos":0,"millis":0.0,"status":"skipped"},"step":{"comments":["#The songs in the playlist are filtered and the first 5 songs are added to the likes."],"line":44,"prefix":"*","index":7,"text":"def filter = function(x){return x.attribute('class').contains(song.addButton) }"}},{"result":{"nanos":0,"millis":0.0,"status":"skipped"},"step":{"line":45,"prefix":"*","index":8,"text":"def songList = locateAll(song.addButtons, filter)"}},{"result":{"nanos":0,"millis":0.0,"status":"skipped"},"step":{"line":46,"prefix":"*","index":9,"text":"clickFunction(songList,3)"}},{"result":{"nanos":0,"millis":0.0,"status":"skipped"},"step":{"comments":["#Click on the 'Favorite Songs' button. And the songs in the list are started."],"line":49,"prefix":"And","index":10,"text":"waitFor(homePage.favoriteSongs).click()"}},{"result":{"nanos":0,"millis":0.0,"status":"skipped"},"step":{"line":50,"prefix":"And","index":11,"text":"waitFor(song.playButton).click()"}},{"result":{"nanos":0,"millis":0.0,"status":"skipped"},"step":{"line":51,"prefix":"*","index":12,"text":"delay(10000)"}},{"result":{"nanos":0,"millis":0.0,"status":"skipped"},"step":{"comments":["#The song ids in the 'favorite songs' list are obtained."],"line":54,"prefix":"And","index":13,"text":"path '\/me\/tracks'"}},{"result":{"nanos":0,"millis":0.0,"status":"skipped"},"step":{"line":55,"prefix":"When","index":14,"text":"method get"}},{"result":{"nanos":0,"millis":0.0,"status":"skipped"},"step":{"line":56,"prefix":"*","index":15,"text":"def uris = getUris(response.items.length,response)"}},{"result":{"nanos":0,"millis":0.0,"status":"skipped"},"step":{"comments":["#All songs in the list of liked songs are deleted."],"line":59,"prefix":"And","index":16,"text":"path '\/me\/tracks'"}},{"result":{"nanos":0,"millis":0.0,"status":"skipped"},"step":{"line":60,"prefix":"And","index":17,"text":"param ids = uris"}},{"result":{"nanos":0,"millis":0.0,"status":"skipped"},"step":{"line":61,"prefix":"When","index":18,"text":"method delete"}},{"result":{"nanos":0,"millis":0.0,"status":"skipped"},"step":{"comments":["#It is checked that the songs are deleted."],"line":64,"prefix":"And","index":19,"text":"path '\/me\/tracks'"}},{"result":{"nanos":0,"millis":0.0,"status":"skipped"},"step":{"line":65,"prefix":"When","index":20,"text":"method get"}},{"result":{"nanos":0,"millis":0.0,"status":"skipped"},"step":{"line":66,"prefix":"Then","index":21,"text":"match response.total == 0"}}],"line":30,"description":"","durationMillis":13072.0799,"failed":true,"error":"class java.util.LinkedHashMap cannot be cast to class java.lang.String (java.util.LinkedHashMap and java.lang.String are in module java.base of loader 'bootstrap')\nclasspath:com\/spotify\/login.feature:4\nclasspath:com\/spotify\/endtoendtest\/endtoend.feature:34","executorName":"main","name":"Endtoend Test Scenario","startTime":1655971931697,"refId":"[1:30]","endTime":1655971944906,"exampleIndex":-1}],"callDepth":0,"name":"End to end Test","description":"","resultDate":"2022-06-23 11:12:28 ÖÖ","durationMillis":13072.0799,"passedCount":0}