<!DOCTYPE html>
<html lang="en">
  <head>
    <meta charset="utf-8"/>
    <meta name="viewport" content="width=device-width, initial-scale=1, shrink-to-fit=no"/>
    <link rel="stylesheet" href="res/bootstrap.min.css" type="text/css"/>
    <link rel="stylesheet" href="res/karate-report.css" type="text/css"/>
    <link rel="shortcut icon" href="favicon.ico"/>
    <script type="text/javascript" src="res/jquery.min.js"></script>
    <script type="text/javascript" src="res/jquery.tablesorter.min.js"></script>
    <script type="text/javascript" src="res/bootstrap.min.js"></script>
    <script type="text/javascript" src="res/karate-report.js"></script>
    <title>com.spotify.endtoendtest.endtoend</title>  
  </head>
  <body>   
    <div id="root-container">
      <div id="leftnav">
                
        <div>
  <div class="nav-logo">
    <a href="karate-summary.html">
      <img src="karate-logo.svg" alt="Karate"/>
    </a>
    <div class="nav-count">
      <div id="nav-pass" class="bg-success">0</div>
      <div id="nav-fail" class="bg-danger">1</div>
    </div>
  </div>
  <div id="nav-type">
    <div>Scenarios</div>
  </div>         
  <div id="nav-date">
    <div>2022-06-23 11:12:28 ÖÖ</div>
  </div>        
</div>

        <div class="nav-container">
          <div class="nav-item failed">
            <a href="#[1:30]"><span>[1:30]</span> <span>Endtoend Test Scenario</span></a>
          </div>
        </div>
      </div>
      <div id="content">
        <div class="page-heading alert alert-primary">
          <a href="karate-summary.html">Summary</a><span class="feature-label">|</span>
          <a href="karate-tags.html">Tags</a><span class="feature-label">|</span>
          <span class="feature-label">Feature:</span>
          <span class="feature-path">com/spotify/endtoendtest/endtoend.feature</span><span class="feature-label">|</span>
          <span class="feature-name">End to end Test</span>
          <span class="feature-description"></span>
        </div>
        <div class="scenario">
          <div class="scenario-heading" id="[1:30]">
            <div class="heading-container">
              <div class="scenario-tags">
                
              </div>
              <div class="scenario-keyword">
                Scenario: <span>[1:30]</span>
                <span class="scenario-name">Endtoend Test Scenario</span>
                <span></span>
              </div>
            </div>
            <div class="scenario-time failed">
              <span>ms:</span>&nbsp;<span>13072</span>
            </div>
          </div>
          <div class="step-row">
            <div class="step-container" id="[1:30]bg">
              <div class="step-ref bg-step">&gt;&gt;</div>
              <div class="step-cell passed">Background:</div>
            </div>
            <div class="time-cell passed"></div>
          </div>
          <div data-parent="[1:30]bg"><div>
  

  

  <div class="step-row">
    <div class="step-container" id="0.3">
      <div class="step-ref bg-step">3</div>
      
      <div class="step-cell passed">
        <span>*</span>&nbsp;<span>configure driver = {type:&#39;chromedriver&#39; , executable:&#39;src/test/resources/chromedriver.exe&#39;}</span>
      </div>
    </div>
    <div class="time-cell passed">24</div>
  </div>

   
  
  

  

  <div class="preformatted" data-parent="0.3">11:12:11.809 karate.env system property was: null 
</div>   

  

</div>
</div>
          <div data-parent="[1:30]bg"><div>
  

  

  <div class="step-row">
    <div class="step-container" id="0.4">
      <div class="step-ref bg-step">4</div>
      
      <div class="step-cell passed">
        <span>*</span>&nbsp;<span>call read &#39;classpath:com/spotify/variables.json&#39;</span>
      </div>
    </div>
    <div class="time-cell passed">4</div>
  </div>

   
  
  

  

     

  

</div>
</div>
          <div data-parent="[1:30]bg"><div>
  

  

  <div class="step-row">
    <div class="step-container" id="0.5">
      <div class="step-ref bg-step">5</div>
      
      <div class="step-cell passed">
        <span>*</span>&nbsp;<span>url &#39;https://api.spotify.com/v1&#39;</span>
      </div>
    </div>
    <div class="time-cell passed">1</div>
  </div>

   
  
  

  

     

  

</div>
</div>
          <div data-parent="[1:30]bg"><div>
  

  

  <div class="step-row">
    <div class="step-container" id="0.6">
      <div class="step-ref bg-step">6</div>
      
      <div class="step-cell passed">
        <span>*</span>&nbsp;<span>configure headers = {Content-Type: &#39;application/json&#39;, Authorization: #(authID)}</span>
      </div>
    </div>
    <div class="time-cell passed">1</div>
  </div>

   
  
  

  

     

  

</div>
</div>
          <div data-parent="[1:30]bg"><div>
  

  

  <div class="step-row">
    <div class="step-container" id="0.7">
      <div class="step-ref bg-step">7</div>
      
      <div class="step-cell passed">
        <span>And</span>&nbsp;<span>def clickFunction =</span>
      </div>
    </div>
    <div class="time-cell passed">8</div>
  </div>

   
  
  <div class="preformatted" data-parent="0.7">function(element,length) {
    for(var i = 0; i &lt; length ; i++){
    element[i].click();
    }
}</div>

  

     

  

</div>
</div>
          <div data-parent="[1:30]bg"><div>
  

  

  <div class="step-row">
    <div class="step-container" id="0.16">
      <div class="step-ref bg-step">16</div>
      
      <div class="step-cell passed">
        <span>And</span>&nbsp;<span>def getUris =</span>
      </div>
    </div>
    <div class="time-cell passed">6</div>
  </div>

   
  
  <div class="preformatted" data-parent="0.16">function(length,y) {
    var data = &quot;&quot;;
    for(var i = 0; i&lt; length ; i++){
        if(i&gt;0){
          data += &quot;,&quot;;
        }
      data += y.items[i].track.id ;
    }
    return data;
}</div>

  

     

  

</div>
</div>
          <div><div>
  

  <div class="step-row">
    <div class="step-container">
      <div class="step-ref passed"></div>
      
      <div class="step-cell comment">#Login</div>
    </div>
    <div class="time-cell comment"></div>            
  </div>

  <div class="step-row">
    <div class="step-container" id="0.33">
      <div class="step-ref passed">33</div>
      
      <div class="step-cell passed">
        <span>Given</span>&nbsp;<span>driver &#39;https://open.spotify.com/&#39;</span>
      </div>
    </div>
    <div class="time-cell passed">3877</div>
  </div>

   
  
  

  

     

  

</div>
</div>
          <div><div>
  

  

  <div class="step-row">
    <div class="step-container" id="0.34">
      <div class="step-ref failed">34</div>
      
      <div class="step-cell failed">
        <span>*</span>&nbsp;<span>def login = callonce read(&#39;classpath:com/spotify/login.feature&#39;)</span>
      </div>
    </div>
    <div class="time-cell failed">9152</div>
  </div>

   
  
  

  

  <div class="preformatted" data-parent="0.34">11:12:24.906 classpath:com/spotify/endtoendtest/endtoend.feature:34
* def login = callonce read(&#39;classpath:com/spotify/login.feature&#39;)
class java.util.LinkedHashMap cannot be cast to class java.lang.String (java.util.LinkedHashMap and java.lang.String are in module java.base of loader &#39;bootstrap&#39;)
classpath:com/spotify/login.feature:4
classpath:com/spotify/endtoendtest/endtoend.feature:34
</div>   

  <div>
        
    <div class="step-row">
      <div class="step-container" id="0.34.0.call">
        <div class="step-ref passed">&gt;&gt;</div>
        <div class="step-indent"></div>
        <div class="step-cell passed">com.spotify.login</div>
      </div>
      <div class="time-cell passed">9079</div>
    </div>
    <div>
      <div><div>
  

  <div class="step-row" data-parent="0.34.0.call">
    <div class="step-container">
      <div class="step-ref passed"></div>
      <div class="step-indent"></div>
      <div class="step-cell comment"># Login to account(UI)</div>
    </div>
    <div class="time-cell comment"></div>            
  </div>

  <div class="step-row" data-parent="0.34.0.call">
    <div class="step-container" id="0.34.0.call.0.6">
      <div class="step-ref passed">6</div>
      <div class="step-indent"></div>
      <div class="step-cell passed">
        <span>*</span>&nbsp;<span>maximize()</span>
      </div>
    </div>
    <div class="time-cell passed">16</div>
  </div>

   
  
  

  

  <div class="preformatted" data-parent="0.34.0.call.0.6">11:12:15.778 &gt;&gt; lock acquired, begin callonce: read(&#39;classpath:com/spotify/login.feature&#39;)
</div>   

  

</div>
</div>
      <div><div>
  

  

  <div class="step-row" data-parent="0.34.0.call">
    <div class="step-container" id="0.34.0.call.0.7">
      <div class="step-ref failed">7</div>
      <div class="step-indent"></div>
      <div class="step-cell failed">
        <span>When</span>&nbsp;<span>waitFor(login.loginButton).click()</span>
      </div>
    </div>
    <div class="time-cell failed">9063</div>
  </div>

   
  
  

  

  <div class="preformatted" data-parent="0.34.0.call.0.7">11:12:15.858 waitUntil (js) - retry #1
11:12:18.863 waitUntil (js) - retry #2
11:12:21.883 waitUntil (js) - retry #3
11:12:24.887 waitUntil (js): failed after 3 retries and 9032 milliseconds
11:12:24.906 classpath:com/spotify/login.feature:7
When waitFor(login.loginButton).click()
js failed:
&gt;&gt;&gt;&gt;
01: waitFor(login.loginButton).click()
&lt;&lt;&lt;&lt;
org.graalvm.polyglot.PolyglotException: waitUntil (js): failed after 3 retries and 9032 milliseconds
- com.intuit.karate.driver.DriverOptions.retry(DriverOptions.java:517)
- com.intuit.karate.driver.WebDriver.waitUntil(WebDriver.java:433)
- com.intuit.karate.driver.DriverOptions.waitForAny(DriverOptions.java:700)
- com.intuit.karate.driver.Driver.waitFor(Driver.java:236)
- &lt;js&gt;.:anonymous(Unnamed:1)

classpath:com/spotify/login.feature:7
</div>   

  

</div>
</div>
      <div><div>
  

  

  <div class="step-row" data-parent="0.34.0.call">
    <div class="step-container" id="0.34.0.call.0.4">
      <div class="step-ref failed">4</div>
      <div class="step-indent"></div>
      <div class="step-cell failed">
        <span>*</span>&nbsp;<span>scenario [run] failed</span>
      </div>
    </div>
    <div class="time-cell failed">0</div>
  </div>

   
  
  

  

  <div class="preformatted" data-parent="0.34.0.call.0.4">class java.util.LinkedHashMap cannot be cast to class java.lang.String (java.util.LinkedHashMap and java.lang.String are in module java.base of loader &#39;bootstrap&#39;)
java.lang.ClassCastException: class java.util.LinkedHashMap cannot be cast to class java.lang.String (java.util.LinkedHashMap and java.lang.String are in module java.base of loader &#39;bootstrap&#39;)
	at com.intuit.karate.driver.WebDriver.screenshot(WebDriver.java:511)
	at com.intuit.karate.driver.WebDriver.screenshot(WebDriver.java:504)
	at com.intuit.karate.driver.Driver.onFailure(Driver.java:491)
	at com.intuit.karate.core.ScenarioRuntime.execute(ScenarioRuntime.java:500)
	at com.intuit.karate.core.ScenarioRuntime.run(ScenarioRuntime.java:402)
	at com.intuit.karate.core.FeatureRuntime.processScenario(FeatureRuntime.java:181)
	at java.base/java.util.stream.ReferencePipeline$2$1.accept(ReferencePipeline.java:179)
	at com.intuit.karate.core.ScenarioIterator.tryAdvance(ScenarioIterator.java:156)
	at java.base/java.util.Spliterator.forEachRemaining(Spliterator.java:332)
	at java.base/java.util.stream.AbstractPipeline.copyInto(AbstractPipeline.java:509)
	at java.base/java.util.stream.AbstractPipeline.wrapAndCopyInto(AbstractPipeline.java:499)
	at java.base/java.util.stream.StreamSpliterators$WrappingSpliterator.forEachRemaining(StreamSpliterators.java:310)
	at java.base/java.util.Spliterators$1Adapter.forEachRemaining(Spliterators.java:706)
	at com.intuit.karate.core.FeatureRuntime.run(FeatureRuntime.java:164)
	at com.intuit.karate.core.ScenarioEngine.callFeature(ScenarioEngine.java:2007)
	at com.intuit.karate.core.ScenarioEngine.call(ScenarioEngine.java:1909)
	at com.intuit.karate.core.ScenarioEngine.callOnce(ScenarioEngine.java:1986)
	at com.intuit.karate.core.ScenarioEngine.call(ScenarioEngine.java:1924)
	at com.intuit.karate.core.ScenarioEngine.evalKarateExpression(ScenarioEngine.java:2145)
	at com.intuit.karate.core.ScenarioEngine.evalKarateExpression(ScenarioEngine.java:2124)
	at com.intuit.karate.core.ScenarioEngine.evalAndCastTo(ScenarioEngine.java:1316)
	at com.intuit.karate.core.ScenarioEngine.assign(ScenarioEngine.java:1349)
	at com.intuit.karate.ScenarioActions.def(ScenarioActions.java:188)
	at java.base/jdk.internal.reflect.DirectMethodHandleAccessor.invoke(DirectMethodHandleAccessor.java:104)
	at java.base/java.lang.reflect.Method.invoke(Method.java:577)
	at com.intuit.karate.core.StepRuntime.execute(StepRuntime.java:280)
	at com.intuit.karate.core.ScenarioRuntime.execute(ScenarioRuntime.java:459)
	at com.intuit.karate.core.ScenarioRuntime.run(ScenarioRuntime.java:402)
	at com.intuit.karate.junit5.FeatureNode.lambda$next$1(FeatureNode.java:70)
	at org.junit.jupiter.engine.descriptor.DynamicTestTestDescriptor.lambda$execute$0(DynamicTestTestDescriptor.java:52)
	at org.junit.jupiter.engine.execution.InvocationInterceptorChain$ValidatingInvocation.proceed(InvocationInterceptorChain.java:131)
	at org.junit.jupiter.api.extension.InvocationInterceptor.interceptDynamicTest(InvocationInterceptor.java:161)
	at org.junit.jupiter.engine.descriptor.DynamicTestTestDescriptor.lambda$execute$1(DynamicTestTestDescriptor.java:58)
	at org.junit.jupiter.engine.execution.InvocationInterceptorChain$InterceptorCall.lambda$ofVoid$0(InvocationInterceptorChain.java:78)
	at org.junit.jupiter.engine.execution.InvocationInterceptorChain$InterceptedInvocation.proceed(InvocationInterceptorChain.java:106)
	at org.junit.jupiter.engine.execution.InvocationInterceptorChain.proceed(InvocationInterceptorChain.java:64)
	at org.junit.jupiter.engine.execution.InvocationInterceptorChain.chainAndInvoke(InvocationInterceptorChain.java:45)
	at org.junit.jupiter.engine.execution.InvocationInterceptorChain.invoke(InvocationInterceptorChain.java:37)
	at org.junit.jupiter.engine.descriptor.DynamicTestTestDescriptor.execute(DynamicTestTestDescriptor.java:57)
	at org.junit.jupiter.engine.descriptor.DynamicTestTestDescriptor.execute(DynamicTestTestDescriptor.java:31)
	at org.junit.platform.engine.support.hierarchical.NodeTestTask.lambda$executeRecursively$5(NodeTestTask.java:139)
	at org.junit.platform.engine.support.hierarchical.ThrowableCollector.execute(ThrowableCollector.java:73)
	at org.junit.platform.engine.support.hierarchical.NodeTestTask.lambda$executeRecursively$7(NodeTestTask.java:129)
	at org.junit.platform.engine.support.hierarchical.Node.around(Node.java:137)
	at org.junit.platform.engine.support.hierarchical.NodeTestTask.lambda$executeRecursively$8(NodeTestTask.java:127)
	at org.junit.platform.engine.support.hierarchical.ThrowableCollector.execute(ThrowableCollector.java:73)
	at org.junit.platform.engine.support.hierarchical.NodeTestTask.executeRecursively(NodeTestTask.java:126)
	at org.junit.platform.engine.support.hierarchical.NodeTestTask.execute(NodeTestTask.java:84)
	at org.junit.platform.engine.support.hierarchical.SameThreadHierarchicalTestExecutorService.submit(SameThreadHierarchicalTestExecutorService.java:32)
	at org.junit.platform.engine.support.hierarchical.NodeTestTask$DefaultDynamicTestExecutor.execute(NodeTestTask.java:212)
	at org.junit.platform.engine.support.hierarchical.NodeTestTask$DefaultDynamicTestExecutor.execute(NodeTestTask.java:192)
	at java.base/java.util.stream.ForEachOps$ForEachOp$OfRef.accept(ForEachOps.java:183)
	at java.base/java.util.stream.ReferencePipeline$3$1.accept(ReferencePipeline.java:197)
	at java.base/java.util.stream.ReferencePipeline$2$1.accept(ReferencePipeline.java:179)
	at java.base/java.util.stream.ReferencePipeline$3$1.accept(ReferencePipeline.java:197)
	at java.base/java.util.stream.ReferencePipeline$15$1.accept(ReferencePipeline.java:541)
	at java.base/java.util.Iterator.forEachRemaining(Iterator.java:133)
	at java.base/java.util.Spliterators$IteratorSpliterator.forEachRemaining(Spliterators.java:1845)
	at java.base/java.util.stream.AbstractPipeline.copyInto(AbstractPipeline.java:509)
	at java.base/java.util.stream.AbstractPipeline.wrapAndCopyInto(AbstractPipeline.java:499)
	at java.base/java.util.stream.ForEachOps$ForEachOp.evaluateSequential(ForEachOps.java:150)
	at java.base/java.util.stream.ForEachOps$ForEachOp$OfRef.evaluateSequential(ForEachOps.java:173)
	at java.base/java.util.stream.AbstractPipeline.evaluate(AbstractPipeline.java:234)
	at java.base/java.util.stream.ReferencePipeline.forEachOrdered(ReferencePipeline.java:601)
	at org.junit.jupiter.engine.descriptor.DynamicContainerTestDescriptor.execute(DynamicContainerTestDescriptor.java:65)
	at org.junit.jupiter.engine.descriptor.DynamicContainerTestDescriptor.execute(DynamicContainerTestDescriptor.java:33)
	at org.junit.platform.engine.support.hierarchical.NodeTestTask.lambda$executeRecursively$5(NodeTestTask.java:139)
	at org.junit.platform.engine.support.hierarchical.ThrowableCollector.execute(ThrowableCollector.java:73)
	at org.junit.platform.engine.support.hierarchical.NodeTestTask.lambda$executeRecursively$7(NodeTestTask.java:129)
	at org.junit.platform.engine.support.hierarchical.Node.around(Node.java:137)
	at org.junit.platform.engine.support.hierarchical.NodeTestTask.lambda$executeRecursively$8(NodeTestTask.java:127)
	at org.junit.platform.engine.support.hierarchical.ThrowableCollector.execute(ThrowableCollector.java:73)
	at org.junit.platform.engine.support.hierarchical.NodeTestTask.executeRecursively(NodeTestTask.java:126)
	at org.junit.platform.engine.support.hierarchical.NodeTestTask.execute(NodeTestTask.java:84)
	at org.junit.platform.engine.support.hierarchical.SameThreadHierarchicalTestExecutorService.submit(SameThreadHierarchicalTestExecutorService.java:32)
	at org.junit.platform.engine.support.hierarchical.NodeTestTask$DefaultDynamicTestExecutor.execute(NodeTestTask.java:212)
	at org.junit.platform.engine.support.hierarchical.NodeTestTask$DefaultDynamicTestExecutor.execute(NodeTestTask.java:192)
	at java.base/java.util.Optional.ifPresent(Optional.java:178)
	at org.junit.jupiter.engine.descriptor.TestFactoryTestDescriptor.lambda$invokeTestMethod$1(TestFactoryTestDescriptor.java:106)
	at org.junit.platform.engine.support.hierarchical.ThrowableCollector.execute(ThrowableCollector.java:73)
	at org.junit.jupiter.engine.descriptor.TestFactoryTestDescriptor.invokeTestMethod(TestFactoryTestDescriptor.java:93)
	at org.junit.jupiter.engine.descriptor.TestMethodTestDescriptor.execute(TestMethodTestDescriptor.java:131)
	at org.junit.jupiter.engine.descriptor.TestMethodTestDescriptor.execute(TestMethodTestDescriptor.java:65)
	at org.junit.platform.engine.support.hierarchical.NodeTestTask.lambda$executeRecursively$5(NodeTestTask.java:139)
	at org.junit.platform.engine.support.hierarchical.ThrowableCollector.execute(ThrowableCollector.java:73)
	at org.junit.platform.engine.support.hierarchical.NodeTestTask.lambda$executeRecursively$7(NodeTestTask.java:129)
	at org.junit.platform.engine.support.hierarchical.Node.around(Node.java:137)
	at org.junit.platform.engine.support.hierarchical.NodeTestTask.lambda$executeRecursively$8(NodeTestTask.java:127)
	at org.junit.platform.engine.support.hierarchical.ThrowableCollector.execute(ThrowableCollector.java:73)
	at org.junit.platform.engine.support.hierarchical.NodeTestTask.executeRecursively(NodeTestTask.java:126)
	at org.junit.platform.engine.support.hierarchical.NodeTestTask.execute(NodeTestTask.java:84)
	at java.base/java.util.ArrayList.forEach(ArrayList.java:1511)
	at org.junit.platform.engine.support.hierarchical.SameThreadHierarchicalTestExecutorService.invokeAll(SameThreadHierarchicalTestExecutorService.java:38)
	at org.junit.platform.engine.support.hierarchical.NodeTestTask.lambda$executeRecursively$5(NodeTestTask.java:143)
	at org.junit.platform.engine.support.hierarchical.ThrowableCollector.execute(ThrowableCollector.java:73)
	at org.junit.platform.engine.support.hierarchical.NodeTestTask.lambda$executeRecursively$7(NodeTestTask.java:129)
	at org.junit.platform.engine.support.hierarchical.Node.around(Node.java:137)
	at org.junit.platform.engine.support.hierarchical.NodeTestTask.lambda$executeRecursively$8(NodeTestTask.java:127)
	at org.junit.platform.engine.support.hierarchical.ThrowableCollector.execute(ThrowableCollector.java:73)
	at org.junit.platform.engine.support.hierarchical.NodeTestTask.executeRecursively(NodeTestTask.java:126)
	at org.junit.platform.engine.support.hierarchical.NodeTestTask.execute(NodeTestTask.java:84)
	at java.base/java.util.ArrayList.forEach(ArrayList.java:1511)
	at org.junit.platform.engine.support.hierarchical.SameThreadHierarchicalTestExecutorService.invokeAll(SameThreadHierarchicalTestExecutorService.java:38)
	at org.junit.platform.engine.support.hierarchical.NodeTestTask.lambda$executeRecursively$5(NodeTestTask.java:143)
	at org.junit.platform.engine.support.hierarchical.ThrowableCollector.execute(ThrowableCollector.java:73)
	at org.junit.platform.engine.support.hierarchical.NodeTestTask.lambda$executeRecursively$7(NodeTestTask.java:129)
	at org.junit.platform.engine.support.hierarchical.Node.around(Node.java:137)
	at org.junit.platform.engine.support.hierarchical.NodeTestTask.lambda$executeRecursively$8(NodeTestTask.java:127)
	at org.junit.platform.engine.support.hierarchical.ThrowableCollector.execute(ThrowableCollector.java:73)
	at org.junit.platform.engine.support.hierarchical.NodeTestTask.executeRecursively(NodeTestTask.java:126)
	at org.junit.platform.engine.support.hierarchical.NodeTestTask.execute(NodeTestTask.java:84)
	at org.junit.platform.engine.support.hierarchical.SameThreadHierarchicalTestExecutorService.submit(SameThreadHierarchicalTestExecutorService.java:32)
	at org.junit.platform.engine.support.hierarchical.HierarchicalTestExecutor.execute(HierarchicalTestExecutor.java:57)
	at org.junit.platform.engine.support.hierarchical.HierarchicalTestEngine.execute(HierarchicalTestEngine.java:51)
	at org.junit.platform.launcher.core.EngineExecutionOrchestrator.execute(EngineExecutionOrchestrator.java:108)
	at org.junit.platform.launcher.core.EngineExecutionOrchestrator.execute(EngineExecutionOrchestrator.java:88)
	at org.junit.platform.launcher.core.EngineExecutionOrchestrator.lambda$execute$0(EngineExecutionOrchestrator.java:54)
	at org.junit.platform.launcher.core.EngineExecutionOrchestrator.withInterceptedStreams(EngineExecutionOrchestrator.java:67)
	at org.junit.platform.launcher.core.EngineExecutionOrchestrator.execute(EngineExecutionOrchestrator.java:52)
	at org.junit.platform.launcher.core.DefaultLauncher.execute(DefaultLauncher.java:96)
	at org.junit.platform.launcher.core.DefaultLauncher.execute(DefaultLauncher.java:75)
	at com.intellij.junit5.JUnit5IdeaTestRunner.startRunnerWithArgs(JUnit5IdeaTestRunner.java:71)
	at com.intellij.rt.junit.IdeaTestRunner$Repeater$1.execute(IdeaTestRunner.java:38)
	at com.intellij.rt.execution.junit.TestsRepeater.repeat(TestsRepeater.java:11)
	at com.intellij.rt.junit.IdeaTestRunner$Repeater.startRunnerWithArgs(IdeaTestRunner.java:35)
	at com.intellij.rt.junit.JUnitStarter.prepareStreamsAndStart(JUnitStarter.java:235)
	at com.intellij.rt.junit.JUnitStarter.main(JUnitStarter.java:54)
11:12:24.906 classpath:com/spotify/login.feature:7
When waitFor(login.loginButton).click()
scenario [run] failed
java.lang.ClassCastException: class java.util.LinkedHashMap cannot be cast to class java.lang.String (java.util.LinkedHashMap and java.lang.String are in module java.base of loader &#39;bootstrap&#39;)
	at com.intuit.karate.driver.WebDriver.screenshot(WebDriver.java:511)
	at com.intuit.karate.driver.WebDriver.screenshot(WebDriver.java:504)
	at com.intuit.karate.driver.Driver.onFailure(Driver.java:491)
	at com.intuit.karate.core.ScenarioRuntime.execute(ScenarioRuntime.java:500)
	at com.intuit.karate.core.ScenarioRuntime.run(ScenarioRuntime.java:402)
	at com.intuit.karate.core.FeatureRuntime.processScenario(FeatureRuntime.java:181)
	at java.base/java.util.stream.ReferencePipeline$2$1.accept(ReferencePipeline.java:179)
	at com.intuit.karate.core.ScenarioIterator.tryAdvance(ScenarioIterator.java:156)
	at java.base/java.util.Spliterator.forEachRemaining(Spliterator.java:332)
	at java.base/java.util.stream.AbstractPipeline.copyInto(AbstractPipeline.java:509)
	at java.base/java.util.stream.AbstractPipeline.wrapAndCopyInto(AbstractPipeline.java:499)
	at java.base/java.util.stream.StreamSpliterators$WrappingSpliterator.forEachRemaining(StreamSpliterators.java:310)
	at java.base/java.util.Spliterators$1Adapter.forEachRemaining(Spliterators.java:706)
	at com.intuit.karate.core.FeatureRuntime.run(FeatureRuntime.java:164)
	at com.intuit.karate.core.ScenarioEngine.callFeature(ScenarioEngine.java:2007)
	at com.intuit.karate.core.ScenarioEngine.call(ScenarioEngine.java:1909)
	at com.intuit.karate.core.ScenarioEngine.callOnce(ScenarioEngine.java:1986)
	at com.intuit.karate.core.ScenarioEngine.call(ScenarioEngine.java:1924)
	at com.intuit.karate.core.ScenarioEngine.evalKarateExpression(ScenarioEngine.java:2145)
	at com.intuit.karate.core.ScenarioEngine.evalKarateExpression(ScenarioEngine.java:2124)
	at com.intuit.karate.core.ScenarioEngine.evalAndCastTo(ScenarioEngine.java:1316)
	at com.intuit.karate.core.ScenarioEngine.assign(ScenarioEngine.java:1349)
	at com.intuit.karate.ScenarioActions.def(ScenarioActions.java:188)
	at java.base/jdk.internal.reflect.DirectMethodHandleAccessor.invoke(DirectMethodHandleAccessor.java:104)
	at java.base/java.lang.reflect.Method.invoke(Method.java:577)
	at com.intuit.karate.core.StepRuntime.execute(StepRuntime.java:280)
	at com.intuit.karate.core.ScenarioRuntime.execute(ScenarioRuntime.java:459)
	at com.intuit.karate.core.ScenarioRuntime.run(ScenarioRuntime.java:402)
	at com.intuit.karate.junit5.FeatureNode.lambda$next$1(FeatureNode.java:70)
	at org.junit.jupiter.engine.descriptor.DynamicTestTestDescriptor.lambda$execute$0(DynamicTestTestDescriptor.java:52)
	at org.junit.jupiter.engine.execution.InvocationInterceptorChain$ValidatingInvocation.proceed(InvocationInterceptorChain.java:131)
	at org.junit.jupiter.api.extension.InvocationInterceptor.interceptDynamicTest(InvocationInterceptor.java:161)
	at org.junit.jupiter.engine.descriptor.DynamicTestTestDescriptor.lambda$execute$1(DynamicTestTestDescriptor.java:58)
	at org.junit.jupiter.engine.execution.InvocationInterceptorChain$InterceptorCall.lambda$ofVoid$0(InvocationInterceptorChain.java:78)
	at org.junit.jupiter.engine.execution.InvocationInterceptorChain$InterceptedInvocation.proceed(InvocationInterceptorChain.java:106)
	at org.junit.jupiter.engine.execution.InvocationInterceptorChain.proceed(InvocationInterceptorChain.java:64)
	at org.junit.jupiter.engine.execution.InvocationInterceptorChain.chainAndInvoke(InvocationInterceptorChain.java:45)
	at org.junit.jupiter.engine.execution.InvocationInterceptorChain.invoke(InvocationInterceptorChain.java:37)
	at org.junit.jupiter.engine.descriptor.DynamicTestTestDescriptor.execute(DynamicTestTestDescriptor.java:57)
	at org.junit.jupiter.engine.descriptor.DynamicTestTestDescriptor.execute(DynamicTestTestDescriptor.java:31)
	at org.junit.platform.engine.support.hierarchical.NodeTestTask.lambda$executeRecursively$5(NodeTestTask.java:139)
	at org.junit.platform.engine.support.hierarchical.ThrowableCollector.execute(ThrowableCollector.java:73)
	at org.junit.platform.engine.support.hierarchical.NodeTestTask.lambda$executeRecursively$7(NodeTestTask.java:129)
	at org.junit.platform.engine.support.hierarchical.Node.around(Node.java:137)
	at org.junit.platform.engine.support.hierarchical.NodeTestTask.lambda$executeRecursively$8(NodeTestTask.java:127)
	at org.junit.platform.engine.support.hierarchical.ThrowableCollector.execute(ThrowableCollector.java:73)
	at org.junit.platform.engine.support.hierarchical.NodeTestTask.executeRecursively(NodeTestTask.java:126)
	at org.junit.platform.engine.support.hierarchical.NodeTestTask.execute(NodeTestTask.java:84)
	at org.junit.platform.engine.support.hierarchical.SameThreadHierarchicalTestExecutorService.submit(SameThreadHierarchicalTestExecutorService.java:32)
	at org.junit.platform.engine.support.hierarchical.NodeTestTask$DefaultDynamicTestExecutor.execute(NodeTestTask.java:212)
	at org.junit.platform.engine.support.hierarchical.NodeTestTask$DefaultDynamicTestExecutor.execute(NodeTestTask.java:192)
	at java.base/java.util.stream.ForEachOps$ForEachOp$OfRef.accept(ForEachOps.java:183)
	at java.base/java.util.stream.ReferencePipeline$3$1.accept(ReferencePipeline.java:197)
	at java.base/java.util.stream.ReferencePipeline$2$1.accept(ReferencePipeline.java:179)
	at java.base/java.util.stream.ReferencePipeline$3$1.accept(ReferencePipeline.java:197)
	at java.base/java.util.stream.ReferencePipeline$15$1.accept(ReferencePipeline.java:541)
	at java.base/java.util.Iterator.forEachRemaining(Iterator.java:133)
	at java.base/java.util.Spliterators$IteratorSpliterator.forEachRemaining(Spliterators.java:1845)
	at java.base/java.util.stream.AbstractPipeline.copyInto(AbstractPipeline.java:509)
	at java.base/java.util.stream.AbstractPipeline.wrapAndCopyInto(AbstractPipeline.java:499)
	at java.base/java.util.stream.ForEachOps$ForEachOp.evaluateSequential(ForEachOps.java:150)
	at java.base/java.util.stream.ForEachOps$ForEachOp$OfRef.evaluateSequential(ForEachOps.java:173)
	at java.base/java.util.stream.AbstractPipeline.evaluate(AbstractPipeline.java:234)
	at java.base/java.util.stream.ReferencePipeline.forEachOrdered(ReferencePipeline.java:601)
	at org.junit.jupiter.engine.descriptor.DynamicContainerTestDescriptor.execute(DynamicContainerTestDescriptor.java:65)
	at org.junit.jupiter.engine.descriptor.DynamicContainerTestDescriptor.execute(DynamicContainerTestDescriptor.java:33)
	at org.junit.platform.engine.support.hierarchical.NodeTestTask.lambda$executeRecursively$5(NodeTestTask.java:139)
	at org.junit.platform.engine.support.hierarchical.ThrowableCollector.execute(ThrowableCollector.java:73)
	at org.junit.platform.engine.support.hierarchical.NodeTestTask.lambda$executeRecursively$7(NodeTestTask.java:129)
	at org.junit.platform.engine.support.hierarchical.Node.around(Node.java:137)
	at org.junit.platform.engine.support.hierarchical.NodeTestTask.lambda$executeRecursively$8(NodeTestTask.java:127)
	at org.junit.platform.engine.support.hierarchical.ThrowableCollector.execute(ThrowableCollector.java:73)
	at org.junit.platform.engine.support.hierarchical.NodeTestTask.executeRecursively(NodeTestTask.java:126)
	at org.junit.platform.engine.support.hierarchical.NodeTestTask.execute(NodeTestTask.java:84)
	at org.junit.platform.engine.support.hierarchical.SameThreadHierarchicalTestExecutorService.submit(SameThreadHierarchicalTestExecutorService.java:32)
	at org.junit.platform.engine.support.hierarchical.NodeTestTask$DefaultDynamicTestExecutor.execute(NodeTestTask.java:212)
	at org.junit.platform.engine.support.hierarchical.NodeTestTask$DefaultDynamicTestExecutor.execute(NodeTestTask.java:192)
	at java.base/java.util.Optional.ifPresent(Optional.java:178)
	at org.junit.jupiter.engine.descriptor.TestFactoryTestDescriptor.lambda$invokeTestMethod$1(TestFactoryTestDescriptor.java:106)
	at org.junit.platform.engine.support.hierarchical.ThrowableCollector.execute(ThrowableCollector.java:73)
	at org.junit.jupiter.engine.descriptor.TestFactoryTestDescriptor.invokeTestMethod(TestFactoryTestDescriptor.java:93)
	at org.junit.jupiter.engine.descriptor.TestMethodTestDescriptor.execute(TestMethodTestDescriptor.java:131)
	at org.junit.jupiter.engine.descriptor.TestMethodTestDescriptor.execute(TestMethodTestDescriptor.java:65)
	at org.junit.platform.engine.support.hierarchical.NodeTestTask.lambda$executeRecursively$5(NodeTestTask.java:139)
	at org.junit.platform.engine.support.hierarchical.ThrowableCollector.execute(ThrowableCollector.java:73)
	at org.junit.platform.engine.support.hierarchical.NodeTestTask.lambda$executeRecursively$7(NodeTestTask.java:129)
	at org.junit.platform.engine.support.hierarchical.Node.around(Node.java:137)
	at org.junit.platform.engine.support.hierarchical.NodeTestTask.lambda$executeRecursively$8(NodeTestTask.java:127)
	at org.junit.platform.engine.support.hierarchical.ThrowableCollector.execute(ThrowableCollector.java:73)
	at org.junit.platform.engine.support.hierarchical.NodeTestTask.executeRecursively(NodeTestTask.java:126)
	at org.junit.platform.engine.support.hierarchical.NodeTestTask.execute(NodeTestTask.java:84)
	at java.base/java.util.ArrayList.forEach(ArrayList.java:1511)
	at org.junit.platform.engine.support.hierarchical.SameThreadHierarchicalTestExecutorService.invokeAll(SameThreadHierarchicalTestExecutorService.java:38)
	at org.junit.platform.engine.support.hierarchical.NodeTestTask.lambda$executeRecursively$5(NodeTestTask.java:143)
	at org.junit.platform.engine.support.hierarchical.ThrowableCollector.execute(ThrowableCollector.java:73)
	at org.junit.platform.engine.support.hierarchical.NodeTestTask.lambda$executeRecursively$7(NodeTestTask.java:129)
	at org.junit.platform.engine.support.hierarchical.Node.around(Node.java:137)
	at org.junit.platform.engine.support.hierarchical.NodeTestTask.lambda$executeRecursively$8(NodeTestTask.java:127)
	at org.junit.platform.engine.support.hierarchical.ThrowableCollector.execute(ThrowableCollector.java:73)
	at org.junit.platform.engine.support.hierarchical.NodeTestTask.executeRecursively(NodeTestTask.java:126)
	at org.junit.platform.engine.support.hierarchical.NodeTestTask.execute(NodeTestTask.java:84)
	at java.base/java.util.ArrayList.forEach(ArrayList.java:1511)
	at org.junit.platform.engine.support.hierarchical.SameThreadHierarchicalTestExecutorService.invokeAll(SameThreadHierarchicalTestExecutorService.java:38)
	at org.junit.platform.engine.support.hierarchical.NodeTestTask.lambda$executeRecursively$5(NodeTestTask.java:143)
	at org.junit.platform.engine.support.hierarchical.ThrowableCollector.execute(ThrowableCollector.java:73)
	at org.junit.platform.engine.support.hierarchical.NodeTestTask.lambda$executeRecursively$7(NodeTestTask.java:129)
	at org.junit.platform.engine.support.hierarchical.Node.around(Node.java:137)
	at org.junit.platform.engine.support.hierarchical.NodeTestTask.lambda$executeRecursively$8(NodeTestTask.java:127)
	at org.junit.platform.engine.support.hierarchical.ThrowableCollector.execute(ThrowableCollector.java:73)
	at org.junit.platform.engine.support.hierarchical.NodeTestTask.executeRecursively(NodeTestTask.java:126)
	at org.junit.platform.engine.support.hierarchical.NodeTestTask.execute(NodeTestTask.java:84)
	at org.junit.platform.engine.support.hierarchical.SameThreadHierarchicalTestExecutorService.submit(SameThreadHierarchicalTestExecutorService.java:32)
	at org.junit.platform.engine.support.hierarchical.HierarchicalTestExecutor.execute(HierarchicalTestExecutor.java:57)
	at org.junit.platform.engine.support.hierarchical.HierarchicalTestEngine.execute(HierarchicalTestEngine.java:51)
	at org.junit.platform.launcher.core.EngineExecutionOrchestrator.execute(EngineExecutionOrchestrator.java:108)
	at org.junit.platform.launcher.core.EngineExecutionOrchestrator.execute(EngineExecutionOrchestrator.java:88)
	at org.junit.platform.launcher.core.EngineExecutionOrchestrator.lambda$execute$0(EngineExecutionOrchestrator.java:54)
	at org.junit.platform.launcher.core.EngineExecutionOrchestrator.withInterceptedStreams(EngineExecutionOrchestrator.java:67)
	at org.junit.platform.launcher.core.EngineExecutionOrchestrator.execute(EngineExecutionOrchestrator.java:52)
	at org.junit.platform.launcher.core.DefaultLauncher.execute(DefaultLauncher.java:96)
	at org.junit.platform.launcher.core.DefaultLauncher.execute(DefaultLauncher.java:75)
	at com.intellij.junit5.JUnit5IdeaTestRunner.startRunnerWithArgs(JUnit5IdeaTestRunner.java:71)
	at com.intellij.rt.junit.IdeaTestRunner$Repeater$1.execute(IdeaTestRunner.java:38)
	at com.intellij.rt.execution.junit.TestsRepeater.repeat(TestsRepeater.java:11)
	at com.intellij.rt.junit.IdeaTestRunner$Repeater.startRunnerWithArgs(IdeaTestRunner.java:35)
	at com.intellij.rt.junit.JUnitStarter.prepareStreamsAndStart(JUnitStarter.java:235)
	at com.intellij.rt.junit.JUnitStarter.main(JUnitStarter.java:54)

</div>   

  

</div>
</div>
    </div>    
  </div>

</div>
</div>
          <div><div>
  

  

  <div class="step-row">
    <div class="step-container" id="0.35">
      <div class="step-ref skipped">35</div>
      
      <div class="step-cell skipped">
        <span>Then</span>&nbsp;<span>match waitFor(homePage.userBar).enabled == true</span>
      </div>
    </div>
    <div class="time-cell skipped">0</div>
  </div>

   
  
  

  

     

  

</div>
</div>
          <div><div>
  

  <div class="step-row">
    <div class="step-container">
      <div class="step-ref passed"></div>
      
      <div class="step-cell comment">#Scroll to &#39;mood&#39; category and click and then click &#39;Positive&#39; playlist .</div>
    </div>
    <div class="time-cell comment"></div>            
  </div>

  <div class="step-row">
    <div class="step-container" id="0.38">
      <div class="step-ref skipped">38</div>
      
      <div class="step-cell skipped">
        <span>When</span>&nbsp;<span>scroll(category.ruhhali)</span>
      </div>
    </div>
    <div class="time-cell skipped">0</div>
  </div>

   
  
  

  

     

  

</div>
</div>
          <div><div>
  

  

  <div class="step-row">
    <div class="step-container" id="0.39">
      <div class="step-ref skipped">39</div>
      
      <div class="step-cell skipped">
        <span>And</span>&nbsp;<span>waitFor(category.ruhhali).click()</span>
      </div>
    </div>
    <div class="time-cell skipped">0</div>
  </div>

   
  
  

  

     

  

</div>
</div>
          <div><div>
  

  

  <div class="step-row">
    <div class="step-container" id="0.40">
      <div class="step-ref skipped">40</div>
      
      <div class="step-cell skipped">
        <span>And</span>&nbsp;<span>waitFor(playList.pozitif).click()</span>
      </div>
    </div>
    <div class="time-cell skipped">0</div>
  </div>

   
  
  

  

     

  

</div>
</div>
          <div><div>
  

  

  <div class="step-row">
    <div class="step-container" id="0.41">
      <div class="step-ref skipped">41</div>
      
      <div class="step-cell skipped">
        <span>*</span>&nbsp;<span>waitFor(playList.title)</span>
      </div>
    </div>
    <div class="time-cell skipped">0</div>
  </div>

   
  
  

  

     

  

</div>
</div>
          <div><div>
  

  <div class="step-row">
    <div class="step-container">
      <div class="step-ref passed"></div>
      
      <div class="step-cell comment">#The songs in the playlist are filtered and the first 5 songs are added to the likes.</div>
    </div>
    <div class="time-cell comment"></div>            
  </div>

  <div class="step-row">
    <div class="step-container" id="0.44">
      <div class="step-ref skipped">44</div>
      
      <div class="step-cell skipped">
        <span>*</span>&nbsp;<span>def filter = function(x){return x.attribute(&#39;class&#39;).contains(song.addButton) }</span>
      </div>
    </div>
    <div class="time-cell skipped">0</div>
  </div>

   
  
  

  

     

  

</div>
</div>
          <div><div>
  

  

  <div class="step-row">
    <div class="step-container" id="0.45">
      <div class="step-ref skipped">45</div>
      
      <div class="step-cell skipped">
        <span>*</span>&nbsp;<span>def songList = locateAll(song.addButtons, filter)</span>
      </div>
    </div>
    <div class="time-cell skipped">0</div>
  </div>

   
  
  

  

     

  

</div>
</div>
          <div><div>
  

  

  <div class="step-row">
    <div class="step-container" id="0.46">
      <div class="step-ref skipped">46</div>
      
      <div class="step-cell skipped">
        <span>*</span>&nbsp;<span>clickFunction(songList,3)</span>
      </div>
    </div>
    <div class="time-cell skipped">0</div>
  </div>

   
  
  

  

     

  

</div>
</div>
          <div><div>
  

  <div class="step-row">
    <div class="step-container">
      <div class="step-ref passed"></div>
      
      <div class="step-cell comment">#Click on the &#39;Favorite Songs&#39; button. And the songs in the list are started.</div>
    </div>
    <div class="time-cell comment"></div>            
  </div>

  <div class="step-row">
    <div class="step-container" id="0.49">
      <div class="step-ref skipped">49</div>
      
      <div class="step-cell skipped">
        <span>And</span>&nbsp;<span>waitFor(homePage.favoriteSongs).click()</span>
      </div>
    </div>
    <div class="time-cell skipped">0</div>
  </div>

   
  
  

  

     

  

</div>
</div>
          <div><div>
  

  

  <div class="step-row">
    <div class="step-container" id="0.50">
      <div class="step-ref skipped">50</div>
      
      <div class="step-cell skipped">
        <span>And</span>&nbsp;<span>waitFor(song.playButton).click()</span>
      </div>
    </div>
    <div class="time-cell skipped">0</div>
  </div>

   
  
  

  

     

  

</div>
</div>
          <div><div>
  

  

  <div class="step-row">
    <div class="step-container" id="0.51">
      <div class="step-ref skipped">51</div>
      
      <div class="step-cell skipped">
        <span>*</span>&nbsp;<span>delay(10000)</span>
      </div>
    </div>
    <div class="time-cell skipped">0</div>
  </div>

   
  
  

  

     

  

</div>
</div>
          <div><div>
  

  <div class="step-row">
    <div class="step-container">
      <div class="step-ref passed"></div>
      
      <div class="step-cell comment">#The song ids in the &#39;favorite songs&#39; list are obtained.</div>
    </div>
    <div class="time-cell comment"></div>            
  </div>

  <div class="step-row">
    <div class="step-container" id="0.54">
      <div class="step-ref skipped">54</div>
      
      <div class="step-cell skipped">
        <span>And</span>&nbsp;<span>path &#39;/me/tracks&#39;</span>
      </div>
    </div>
    <div class="time-cell skipped">0</div>
  </div>

   
  
  

  

     

  

</div>
</div>
          <div><div>
  

  

  <div class="step-row">
    <div class="step-container" id="0.55">
      <div class="step-ref skipped">55</div>
      
      <div class="step-cell skipped">
        <span>When</span>&nbsp;<span>method get</span>
      </div>
    </div>
    <div class="time-cell skipped">0</div>
  </div>

   
  
  

  

     

  

</div>
</div>
          <div><div>
  

  

  <div class="step-row">
    <div class="step-container" id="0.56">
      <div class="step-ref skipped">56</div>
      
      <div class="step-cell skipped">
        <span>*</span>&nbsp;<span>def uris = getUris(response.items.length,response)</span>
      </div>
    </div>
    <div class="time-cell skipped">0</div>
  </div>

   
  
  

  

     

  

</div>
</div>
          <div><div>
  

  <div class="step-row">
    <div class="step-container">
      <div class="step-ref passed"></div>
      
      <div class="step-cell comment">#All songs in the list of liked songs are deleted.</div>
    </div>
    <div class="time-cell comment"></div>            
  </div>

  <div class="step-row">
    <div class="step-container" id="0.59">
      <div class="step-ref skipped">59</div>
      
      <div class="step-cell skipped">
        <span>And</span>&nbsp;<span>path &#39;/me/tracks&#39;</span>
      </div>
    </div>
    <div class="time-cell skipped">0</div>
  </div>

   
  
  

  

     

  

</div>
</div>
          <div><div>
  

  

  <div class="step-row">
    <div class="step-container" id="0.60">
      <div class="step-ref skipped">60</div>
      
      <div class="step-cell skipped">
        <span>And</span>&nbsp;<span>param ids = uris</span>
      </div>
    </div>
    <div class="time-cell skipped">0</div>
  </div>

   
  
  

  

     

  

</div>
</div>
          <div><div>
  

  

  <div class="step-row">
    <div class="step-container" id="0.61">
      <div class="step-ref skipped">61</div>
      
      <div class="step-cell skipped">
        <span>When</span>&nbsp;<span>method delete</span>
      </div>
    </div>
    <div class="time-cell skipped">0</div>
  </div>

   
  
  

  

     

  

</div>
</div>
          <div><div>
  

  <div class="step-row">
    <div class="step-container">
      <div class="step-ref passed"></div>
      
      <div class="step-cell comment">#It is checked that the songs are deleted.</div>
    </div>
    <div class="time-cell comment"></div>            
  </div>

  <div class="step-row">
    <div class="step-container" id="0.64">
      <div class="step-ref skipped">64</div>
      
      <div class="step-cell skipped">
        <span>And</span>&nbsp;<span>path &#39;/me/tracks&#39;</span>
      </div>
    </div>
    <div class="time-cell skipped">0</div>
  </div>

   
  
  

  

     

  

</div>
</div>
          <div><div>
  

  

  <div class="step-row">
    <div class="step-container" id="0.65">
      <div class="step-ref skipped">65</div>
      
      <div class="step-cell skipped">
        <span>When</span>&nbsp;<span>method get</span>
      </div>
    </div>
    <div class="time-cell skipped">0</div>
  </div>

   
  
  

  

     

  

</div>
</div>
          <div><div>
  

  

  <div class="step-row">
    <div class="step-container" id="0.66">
      <div class="step-ref skipped">66</div>
      
      <div class="step-cell skipped">
        <span>Then</span>&nbsp;<span>match response.total == 0</span>
      </div>
    </div>
    <div class="time-cell skipped">0</div>
  </div>

   
  
  

  

     

  

</div>
</div>
        </div>
      </div>
    </div>
  </body>
</html>

